Title: KiCad schematic
Date: Thu Apr 23 09:44:34  2026
Command: ngspice-46, Build Mar 29 2026   14:56:48
Plotname: DC transfer characteristic
Flags: real
No. Variables: 14
No. Points: 101     
Variables:
	0	v(v-sweep)	voltage
	1	v1:power	power
	2	v(/vdd)	voltage
	3	r1:power	power
	4	v(/vd)	voltage
	5	q1:power	power
	6	v(/vg)	voltage
	7	v2:power	power
	8	i(v2)	current
	9	i(q1:e)	current
	10	i(q1:b)	current
	11	i(q1:c)	current
	12	i(r1)	current
	13	i(v1)	current
Values:
0		0.000000000000000e+00
	-2.461639713249864e-08
	1.000000000000000e+01
	6.059670161015520e-15
	9.999997538360287e+00
	2.458305983160701e-08
	0.000000000000000e+00
	0.000000000000000e+00
	2.323842545236583e-09
	-1.277976578768976e-10
	-2.323842545236583e-09
	2.461639780904079e-09
	2.461639780904079e-09
	-2.461639713249864e-09
1		1.000000000000000e-02
	-2.499029210997761e-08
	1.000000000000000e+01
	6.245147251803008e-15
	9.999997500970789e+00
	2.493654402688456e-08
	1.000000000000000e-02
	2.037765100106406e-11
	2.037765100106406e-09
	-4.512644185373366e-10
	-2.037765100106406e-09
	2.499029427838195e-09
	2.499029427838195e-09
	-2.499029210997761e-09
2		2.000000000000000e-02
	-2.547361464128040e-08
	1.000000000000000e+01
	6.489050944830255e-15
	9.999997452638535e+00
	2.540588794312086e-08
	2.000000000000000e-02
	3.432438935510595e-11
	1.716219467755298e-09
	-8.211424221453039e-10
	-1.716219467755298e-09
	2.547361876992227e-09
	2.547361876992227e-09
	-2.547361464128040e-09
3		3.000000000000000e-02
	-2.609839535455682e-08
	1.000000000000000e+01
	6.811203941880271e-15
	9.999997390160464e+00
	2.602431448848874e-08
	3.000000000000000e-02
	4.064408884972559e-11
	1.354802961657520e-09
	-1.245036853055363e-09
	-1.354802961657520e-09
	2.609839899747612e-09
	2.609839899747612e-09
	-2.609839535455682e-09
4		4.000000000000000e-02
	-2.690604315735978e-08
	1.000000000000000e+01
	7.239253527391612e-15
	9.999997309395685e+00
	2.683462987977621e-08
	4.000000000000000e-02
	3.794265440032474e-11
	9.485663600081184e-10
	-1.732038313177231e-09
	-9.485663600081184e-10
	2.690604627986204e-09
	2.690604627986204e-09
	-2.690604315735978e-09
5		5.000000000000000e-02
	-2.795006061664940e-08
	1.000000000000000e+01
	7.811894264124887e-15
	9.999997204993939e+00
	2.789195671902453e-08
	5.000000000000000e-02
	2.459707047416937e-11
	4.919414094833874e-10
	-2.293065056991192e-09
	-4.919414094833874e-10
	2.795006004419065e-09
	2.795006004419065e-09
	-2.795006061664940e-09
6		6.000000000000000e-02
	-2.929961684730586e-08
	1.000000000000000e+01
	8.584401073763300e-15
	9.999997070038315e+00
	2.926735793851620e-08
	6.000000000000000e-02
	-1.280010680781985e-12
	-2.133351134636641e-11
	-2.941295361774946e-09
	2.133351134636641e-11
	2.929962050757240e-09
	2.929962050757240e-09
	-2.929961684730586e-09
7		7.000000000000001e-02
	-3.104410962670445e-08
	1.000000000000000e+01
	9.636908054221047e-15
	9.999996895589037e+00
	3.105241580905748e-08
	7.000000000000001e-02
	-4.188110150349367e-11
	-5.983014500499095e-10
	-3.692712846110748e-09
	5.983014500499095e-10
	3.104410950527381e-09
	3.104410950527381e-09
	-3.104410962670445e-09
8		8.000000000000000e-02
	-3.329911586053003e-08
	1.000000000000000e+01
	1.108754488532044e-14
	9.999996670088414e+00
	3.336526133771826e-08
	8.000000000000000e-02
	-9.975083078983538e-11
	-1.246885384872942e-09
	-4.566797172626310e-09
	1.246885384872942e-09
	3.329912345861885e-09
	3.329912345861885e-09
	-3.329911586053003e-09
9		9.000000000000000e-02
	-3.621401296893811e-08
	1.000000000000000e+01
	1.311326587519941e-14
	9.999996378598704e+00
	3.635821022536959e-08
	9.000000000000000e-02
	-1.778399460507230e-10
	-1.975999400563588e-09
	-5.587400729232439e-09
	1.975999400563588e-09
	3.621401845066430e-09
	3.621401845066430e-09
	-3.621401296893811e-09
10		9.999999999999999e-02
	-3.998188948320380e-08
	1.000000000000000e+01
	1.598337289392953e-14
	9.999996001811052e+00
	4.022777834738388e-08
	9.999999999999999e-02
	-2.795674313577079e-10
	-2.795674313577079e-09
	-6.783863708474097e-09
	2.795674313577079e-09
	3.998189335163715e-09
	3.998189335163715e-09
	-3.998188948320380e-09
11		1.100000000000000e-01
	-4.485235412243771e-08
	1.000000000000000e+01
	2.011375711352683e-14
	9.999995514764588e+00
	4.522752828326643e-08
	1.100000000000000e-01
	-4.088919606029528e-10
	-3.717199641845026e-09
	-8.192435094683362e-09
	3.717199641845026e-09
	4.485235738371784e-09
	4.485235738371784e-09
	-4.485235412243771e-09
12		1.200000000000000e-01
	-5.114802120037565e-08
	1.000000000000000e+01
	2.615522041052896e-14
	9.999994885197880e+00
	5.168466078638851e-08
	1.200000000000000e-01
	-5.703941161061543e-10
	-4.753284300884619e-09
	-9.858086543119068e-09
	4.753284300884619e-09
	5.114802803518614e-09
	5.114802803518614e-09
	-5.114802120037565e-09
13		1.300000000000000e-01
	-5.928592240397879e-08
	1.000000000000000e+01
	3.513821113485792e-14
	9.999994071407759e+00
	6.002149355245667e-08
	1.300000000000000e-01
	-7.693710113096384e-10
	-5.918238548535681e-09
	-1.183683127315185e-08
	5.918238548535681e-09
	5.928592283765965e-09
	5.928592283765965e-09
	-5.928592240397879e-09
14		1.400000000000000e-01
	-6.980511769311137e-08
	1.000000000000000e+01
	4.871084439802248e-14
	9.999993019488231e+00
	7.078321557587257e-08
	1.400000000000000e-01
	-1.011945242115897e-09
	-7.228180300827836e-09
	-1.419869255144164e-08
	7.228180300827836e-09
	6.980511724208327e-09
	6.980511724208327e-09
	-6.980511769311137e-09
15		1.500000000000000e-01
	-8.340238805137901e-08
	1.000000000000000e+01
	6.953168175926252e-14
	9.999991659761195e+00
	8.467367842269119e-08
	1.500000000000000e-01
	-1.305190397427047e-09
	-8.701269316180316e-09
	-1.703150824653739e-08
	8.701269316180316e-09
	8.340239165960384e-09
	8.340239165960384e-09
	-8.340238805137901e-09
16		1.600000000000000e-01
	-1.009783842133294e-07
	1.000000000000000e+01
	1.019197206519064e-13
	9.999989902161579e+00
	1.026016931893861e-07
	1.600000000000000e-01
	-1.657275741639985e-09
	-1.035797338524991e-08
	-2.044581205312153e-08
	1.035797338524991e-08
	1.009783856531499e-08
	1.009783856531499e-08
	-1.009783842133294e-08
17		1.700000000000000e-01
	-1.236972991570939e-07
	1.000000000000000e+01
	1.529323216166693e-13
	9.999987630270084e+00
	1.257408793927727e-07
	1.700000000000000e-01
	-2.077633158813208e-09
	-1.222137152243064e-08
	-2.458110187855408e-08
	1.222137152243064e-08
	1.236972968499117e-08
	1.236972968499117e-08
	-1.236972991570939e-08
18		1.800000000000000e-01
	-1.530639641249276e-07
	1.000000000000000e+01
	2.341556268210375e-13
	9.999984693603588e+00
	1.556069513069101e-07
	1.800000000000000e-01
	-2.577149925964140e-09
	-1.431749958868966e-08
	-2.961389616521952e-08
	1.431749958868966e-08
	1.530639703872794e-08
	1.530639703872794e-08
	-1.530639641249276e-08
19		1.900000000000000e-01
	-1.910234987724524e-07
	1.000000000000000e+01
	3.646823214054092e-13
	9.999980897650122e+00
	1.941575632351726e-07
	1.900000000000000e-01
	-3.168391627811352e-09
	-1.667574540953343e-08
	-3.576809554540655e-08
	1.667574540953343e-08
	1.910235036817198e-08
	1.910235036817198e-08
	-1.910234987724524e-08
20		2.000000000000000e-01
	-2.400901636008534e-07
	1.000000000000000e+01
	5.760695448443647e-13
	9.999975990983639e+00
	2.439214502109156e-07
	2.000000000000000e-01
	-3.865860241647479e-09
	-1.932930120823739e-08
	-4.332831788805050e-08
	1.932930120823739e-08
	2.400901655263965e-08
	2.400901655263965e-08
	-2.400901636008534e-08
21		2.100000000000000e-01
	-3.035138625498424e-07
	1.000000000000000e+01
	9.205996115020293e-13
	9.999969648613744e+00
	3.081652055476318e-07
	2.100000000000000e-01
	-4.686293458289193e-09
	-2.231568313471044e-08
	-5.265706944552638e-08
	2.231568313471044e-08
	3.035138673723736e-08
	3.035138673723736e-08
	-3.035138625498424e-08
22		2.200000000000001e-01
	-3.854953696189045e-07
	1.000000000000000e+01
	1.485052561345986e-12
	9.999961450463038e+00
	3.911088334305264e-07
	2.200000000000001e-01
	-5.649012422559443e-09
	-2.567732919345200e-08
	-6.421686629812046e-08
	2.567732919345200e-08
	3.854953734006017e-08
	3.854953734006017e-08
	-3.854953696189045e-08
23		2.300000000000001e-01
	-4.914645540532447e-07
	1.000000000000000e+01
	2.413679483654474e-12
	9.999950853544595e+00
	4.982043673171167e-07
	2.300000000000001e-01
	-6.776326625795860e-09
	-2.946228967737330e-08
	-7.859874523506110e-08
	2.946228967737330e-08
	4.914645534981332e-08
	4.914645534981332e-08
	-4.914645540532447e-08
24		2.400000000000001e-01
	-6.284399571739041e-07
	1.000000000000000e+01
	3.946536496713157e-12
	9.999937156004282e+00
	6.364958861471085e-07
	2.400000000000001e-01
	-8.094006441750070e-09
	-3.372502684062528e-08
	-9.655902306959775e-08
	3.372502684062528e-08
	6.284399578504463e-08
	6.284399578504463e-08
	-6.284399571739041e-08
25		2.500000000000001e-01
	-8.054936142046221e-07
	1.000000000000000e+01
	6.483469154408945e-12
	9.999919450638579e+00
	8.150848040694434e-07
	2.500000000000001e-01
	-9.631836056164801e-09
	-3.852734422465920e-08
	-1.190667058987628e-07
	3.852734422465920e-08
	8.054936184720418e-08
	8.054936184720418e-08
	-8.054936142046221e-08
26		2.600000000000001e-01
	-1.034351796297406e-06
	1.000000000000000e+01
	1.069093283381107e-11
	9.999896564820370e+00
	1.045731171233312e-06
	2.600000000000001e-01
	-1.142426245076545e-08
	-4.393947096448247e-08
	-1.473646508253075e-07
	4.393947096448247e-08
	1.034351799766853e-07
	1.034351799766853e-07
	-1.034351796297406e-07
27		2.700000000000001e-01
	-1.330171563607846e-06
	1.000000000000000e+01
	1.768035891048923e-11
	9.999866982843638e+00
	1.343630814185600e-06
	2.700000000000001e-01
	-1.351115958427019e-08
	-5.004133179359327e-08
	-1.830484884638233e-07
	5.004133179359327e-08
	1.330171568447724e-07
	1.330171568447724e-07
	-1.330171563607846e-07
28		2.800000000000001e-01
	-1.712544441066083e-06
	1.000000000000000e+01
	2.930602233520472e-11
	9.999828745555893e+00
	1.728419605643271e-06
	2.800000000000001e-01
	-1.593873140859348e-08
	-5.692404074497670e-08
	-2.281684849734913e-07
	5.692404074497670e-08
	1.712544448473352e-07
	1.712544448473352e-07
	-1.712544441066083e-07
29		2.900000000000001e-01
	-2.206793679356001e-06
	1.000000000000000e+01
	4.866252290236395e-11
	9.999779320632065e+00
	2.225471306857430e-06
	2.900000000000001e-01
	-1.876058317917817e-08
	-6.469166613509714e-08
	-2.853610346623731e-07
	6.469166613509714e-08
	2.206793685566311e-07
	2.206793685566311e-07
	-2.206793679356001e-07
30		3.000000000000001e-01
	-2.845651021019663e-06
	1.000000000000000e+01
	8.091571311081316e-11
	9.999715434897897e+00
	2.867574775794677e-06
	3.000000000000001e-01
	-2.203899764768869e-08
	-7.346332549229562e-08
	-3.580184281772363e-07
	7.346332549229562e-08
	2.845651025928930e-07
	2.845651025928930e-07
	-2.845651021019663e-07
31		3.100000000000001e-01
	-3.671423812884322e-06
	1.000000000000000e+01
	1.346906379535130e-10
	9.999632857618712e+00
	3.697101221120016e-06
	3.100000000000001e-01
	-2.584646204083219e-08
	-8.337568400268447e-08
	-4.505080657677835e-07
	8.337568400268447e-08
	3.671423813855768e-07
	3.671423813855768e-07
	-3.671423812884322e-07
32		3.200000000000001e-01
	-4.738795965422704e-06
	1.000000000000000e+01
	2.243899728900499e-10
	9.999526120403457e+00
	4.768804685541945e-06
	3.200000000000001e-01
	-3.026750372114863e-08
	-9.458594912858942e-08
	-5.684555463888975e-07
	9.458594912858942e-08
	4.738795968961540e-07
	4.738795968961540e-07
	-4.738795965422704e-07
33		3.300000000000001e-01
	-6.118447977779273e-06
	1.000000000000000e+01
	3.740668671844716e-10
	9.999388155202222e+00
	6.153440394509795e-06
	3.300000000000001e-01
	-3.540090749980242e-08
	-1.072754772721285e-07
	-7.191102760473061e-07
	1.072754772721285e-07
	6.118447983816111e-07
	6.118447983816111e-07
	-6.118447977779273e-07
34		3.400000000000001e-01
	-7.901735389753695e-06
	1.000000000000000e+01
	6.238944252123449e-10
	9.999209826461025e+00
	7.942439445290606e-06
	3.400000000000001e-01
	-4.136240746951960e-08
	-1.216541396162341e-07
	-9.118176795086274e-07
	1.216541396162341e-07
	7.901735394888476e-07
	7.901735394888476e-07
	-7.901735389753695e-07
35		3.500000000000001e-01
	-1.020673490710264e-05
	1.000000000000000e+01
	1.040972810883745e-09
	9.998979326509289e+00
	1.025394741628343e-05
	3.500000000000001e-01
	-4.828797145577103e-08
	-1.379656327307743e-07
	-1.158629124846935e-06
	1.379656327307743e-07
	1.020673491058943e-06
	1.020673491058943e-06
	-1.020673490710264e-06
36		3.600000000000002e-01
	-1.318605767892597e-05
	1.000000000000000e+01
	1.737382081795213e-09
	9.998681394232108e+00
	1.324062360473589e-05
	3.600000000000002e-01
	-5.633782913683218e-08
	-1.564939698245338e-07
	-1.475089739494496e-06
	1.564939698245338e-07
	1.318605768130254e-06
	1.318605768130254e-06
	-1.318605767892597e-06
37		3.700000000000002e-01
	-1.703694545664505e-05
	1.000000000000000e+01
	2.900338088938209e-09
	9.998296305454335e+00
	1.709971200250511e-05
	3.700000000000002e-01
	-6.570143745596171e-08
	-1.775714525836802e-07
	-1.881255999995599e-06
	1.775714525836802e-07
	1.703694545884815e-06
	1.703694545884815e-06
	-1.703694545664505e-06
38		3.800000000000002e-01
	-2.201431566083503e-05
	1.000000000000000e+01
	4.842564021738431e-09
	9.997798568433916e+00
	2.208604214570665e-05
	3.800000000000002e-01
	-7.660363219530456e-08
	-2.015885057771172e-07
	-2.403010074018719e-06
	2.015885057771172e-07
	2.201431566373202e-06
	2.201431566373202e-06
	-2.201431566083503e-06
39		3.900000000000002e-01
	-2.844761488459205e-05
	1.000000000000000e+01
	8.086425704751916e-09
	9.997155238511541e+00
	2.852880613382358e-05
	3.900000000000002e-01
	-8.931228648145777e-08
	-2.290058627729685e-07
	-3.073757354527554e-06
	2.290058627729685e-07
	2.844761488596248e-06
	2.844761488596248e-06
	-2.844761488459205e-06
40		4.000000000000002e-01
	-3.676258965570542e-05
	1.000000000000000e+01
	1.350445343286424e-08
	9.996323741034429e+00
	3.685319845246453e-05
	4.000000000000002e-01
	-1.041478904229010e-07
	-2.603697260572524e-07
	-3.936618695494429e-06
	2.603697260572524e-07
	3.676258965690238e-06
	3.676258965690238e-06
	-3.676258965570542e-06
41		4.100000000000002e-01
	-4.750940413914689e-05
	1.000000000000000e+01
	2.255402030750268e-08
	9.995249059586085e+00
	4.760831103937761e-05
	4.100000000000002e-01
	-1.214955876624458e-07
	-2.963307016157213e-07
	-5.047261120345148e-06
	2.963307016157213e-07
	4.750940413966731e-06
	4.750940413966731e-06
	-4.750940413914689e-06
42		4.200000000000002e-01
	-6.139894699311657e-05
	1.000000000000000e+01
	3.766922369520434e-08
	9.993860105300689e+00
	6.150306344350361e-05
	4.200000000000002e-01
	-1.418203637509886e-07
	-3.376675327404488e-07
	-6.477552238699137e-06
	3.376675327404488e-07
	6.139894699330739e-06
	6.139894699330739e-06
	-6.139894699311657e-06
43		4.300000000000002e-01
	-7.934969853797338e-05
	1.000000000000000e+01
	6.291518157661320e-08
	9.992065030146202e+00
	7.945243493478487e-05
	4.300000000000002e-01
	-1.656862875151766e-07
	-3.853169477097129e-07
	-8.320276809938406e-06
	3.853169477097129e-07
	7.934969854073159e-06
	7.934969854073159e-06
	-7.934969853797338e-06
44		4.400000000000002e-01
	-1.025482068537850e-04
	1.000000000000000e+01
	1.050802624528660e-07
	9.989745179314621e+00
	1.026368728432487e-04
	4.400000000000002e-01
	-1.937809772872835e-07
	-4.404113120165531e-07
	-1.069522200795572e-05
	4.404113120165531e-07
	1.025482068595096e-05
	1.025482068595096e-05
	-1.025482068537850e-05
45		4.500000000000002e-01
	-1.325270862983542e-04
	1.000000000000000e+01
	1.754989315040124e-07
	9.986747291370165e+00
	1.325784994392054e-04
	4.500000000000002e-01
	-2.269468162084677e-07
	-5.043262582410390e-07
	-1.375702490150505e-05
	5.043262582410390e-07
	1.325270862961858e-05
	1.325270862961858e-05
	-1.325270862983542e-05
46		4.600000000000002e-01
	-1.712655515882441e-04
	1.000000000000000e+01
	2.930930005779473e-07
	9.982873444841175e+00
	1.712386447403062e-04
	4.600000000000002e-01
	-2.662209015003027e-07
	-5.787410902180490e-07
	-1.770528626624520e-05
	5.787410902180490e-07
	1.712655515895278e-05
	1.712655515895278e-05
	-1.712655515882441e-05
47		4.700000000000003e-01
	-2.213188923478986e-04
	1.000000000000000e+01
	4.894436545102121e-07
	9.977868110765209e+00
	2.211423002609155e-04
	4.700000000000003e-01
	-3.128863143857243e-07
	-6.657155625228173e-07
	-2.279759481960665e-05
	6.657155625228173e-07
	2.213188923505527e-05
	2.213188923505527e-05
	-2.213188923478986e-05
48		4.800000000000003e-01
	-2.859850425336596e-04
	1.000000000000000e+01
	8.172459543652347e-07
	9.971401495746633e+00
	2.855362999300467e-04
	4.800000000000003e-01
	-3.685380836504495e-07
	-7.677876742717693e-07
	-2.936628195648688e-05
	7.677876742717693e-07
	2.859850425407373e-05
	2.859850425407373e-05
	-2.859850425336596e-05
49		4.900000000000003e-01
	-3.695185788873956e-04
	1.000000000000000e+01
	1.364392232377826e-06
	9.963048142111260e+00
	3.685893201873540e-04
	4.900000000000003e-01
	-4.351682436837259e-07
	-8.880984564973993e-07
	-3.783994638248972e-05
	8.880984564973993e-07
	3.695185788910038e-05
	3.695185788910038e-05
	-3.695185788873956e-05
50		5.000000000000002e-01
	-4.774051659550520e-04
	1.000000000000000e+01
	2.277412016919299e-06
	9.952259483404495e+00
	4.756429949945626e-04
	5.000000000000002e-01
	-5.152757306253755e-07
	-1.030551461250750e-06
	-4.877105810458992e-05
	1.030551461250750e-06
	4.774051659550693e-05
	4.774051659550693e-05
	-4.774051659550520e-05
51		5.100000000000002e-01
	-6.167127137692886e-04
	1.000000000000000e+01
	3.800441794699441e-06
	9.938328728623071e+00
	6.135242459779828e-04
	5.100000000000002e-01
	-6.120086153914297e-07
	-1.200016892924372e-06
	-6.287127833205370e-05
	1.200016892924372e-06
	6.167127137679529e-05
	6.167127137679529e-05
	-6.167127137692886e-05
52		5.200000000000002e-01
	-7.965393555178606e-04
	1.000000000000000e+01
	6.339922082169037e-06
	9.920346064448214e+00
	7.909287473798759e-04
	5.200000000000002e-01
	-7.293484653425612e-07
	-1.402593202581848e-06
	-8.105651883466491e-05
	1.402593202581848e-06
	7.965393555187106e-05
	7.965393555187106e-05
	-7.965393555178606e-05
53		5.300000000000002e-01
	-1.028582739085668e-03
	1.000000000000000e+01
	1.057181120685518e-05
	9.897141726091434e+00
	1.018883243104236e-03
	5.300000000000002e-01
	-8.723496206858309e-07
	-1.645942680539303e-06
	-1.045042066926395e-04
	1.645942680539303e-06
	1.028582739088790e-04
	1.028582739088790e-04
	-1.028582739085668e-04
54		5.400000000000003e-01
	-1.327859872178178e-03
	1.000000000000000e+01
	1.761884103899740e-05
	9.867214012782183e+00
	1.311288446993956e-03
	5.400000000000003e-01
	-1.047450082507229e-06
	-1.939722375013386e-06
	-1.347256997263669e-04
	1.939722375013386e-06
	1.327859872177761e-04
	1.327859872177761e-04
	-1.327859872178178e-04
55		5.500000000000003e-01
	-1.713611436716823e-03
	1.000000000000000e+01
	2.934269400745450e-05
	9.828638856328318e+00
	1.685531584520678e-03
	5.500000000000003e-01
	-1.262875810100623e-06
	-2.296137836546586e-06
	-1.736572716805199e-04
	2.296137836546586e-06
	1.713611436717777e-04
	1.713611436717777e-04
	-1.713611436716823e-04
56		5.600000000000003e-01
	-2.210428275608318e-03
	1.000000000000000e+01
	4.882376146365941e-05
	9.778957172439169e+00
	2.163133647327388e-03
	5.600000000000003e-01
	-1.529166877531907e-06
	-2.730655138449833e-06
	-2.237734729213583e-04
	2.730655138449833e-06
	2.210428275613019e-04
	2.210428275613019e-04
	-2.210428275608318e-04
57		5.700000000000003e-01
	-2.849639243386656e-03
	1.000000000000000e+01
	8.114505720171507e-05
	9.715036075661335e+00
	2.770354015485078e-03
	5.700000000000003e-01
	-1.859862602397317e-06
	-3.262916846311081e-06
	-2.882268314710245e-04
	3.262916846311081e-06
	2.849639243387436e-04
	2.849639243387436e-04
	-2.849639243386656e-04
58		5.800000000000003e-01
	-3.670996568950861e-03
	1.000000000000000e+01
	1.346651446691464e-04
	9.632900343104914e+00
	3.538603785524332e-03
	5.800000000000003e-01
	-2.272394029025350e-06
	-3.917920739698877e-06
	-3.710175680032860e-04
	3.917920739698877e-06
	3.670996568954088e-04
	3.670996568954088e-04
	-3.670996568950861e-04
59		5.900000000000003e-01
	-4.724684054873453e-03
	1.000000000000000e+01
	2.230688671570700e-04
	9.527531594512654e+00
	4.504404402373681e-03
	5.900000000000003e-01
	-2.789246780133399e-06
	-4.727536915480335e-06
	-4.771959328767038e-04
	4.727536915480335e-06
	4.724684054879802e-04
	4.724684054879802e-04
	-4.724684054873453e-04
60		6.000000000000003e-01
	-6.073650581628568e-03
	1.000000000000000e+01
	3.686384798233643e-04
	9.392634941837143e+00
	5.708451546778257e-03
	6.000000000000003e-01
	-3.439476249028630e-06
	-5.732460415047713e-06
	-6.130975091873645e-04
	5.732460415047713e-06
	6.073650581632783e-04
	6.073650581632783e-04
	-6.073650581628568e-04
61		6.100000000000003e-01
	-7.796231779141523e-03
	1.000000000000000e+01
	6.074071457763692e-04
	9.220376822085848e+00
	7.193085284752192e-03
	6.100000000000003e-01
	-4.260681592593715e-06
	-6.984723922284775e-06
	-7.866078926181895e-04
	6.984723922284775e-06
	7.796231779142460e-04
	7.796231779142460e-04
	-7.796231779141523e-04
62		6.200000000000003e-01
	-9.988962728731607e-03
	1.000000000000000e+01
	9.971545642335263e-04
	9.001103727126839e+00
	8.997109712138573e-03
	6.200000000000003e-01
	-5.301576497749597e-06
	-8.550929835079990e-06
	-1.007447193709776e-03
	8.550929835079990e-06
	9.988962728733064e-04
	9.988962728733064e-04
	-9.988962728731607e-04
63		6.300000000000003e-01
	-1.276940464397754e-02
	1.000000000000000e+01
	1.629582574509274e-03
	8.723059535602246e+00
	1.114644737732924e-02
	6.300000000000003e-01
	-6.625335042885625e-06
	-1.051640482997718e-05
	-1.287456860508134e-03
	1.051640482997718e-05
	1.276940464398191e-03
	1.276940464398191e-03
	-1.276940464397754e-03
64		6.400000000000003e-01
	-1.627871783269789e-02
	1.000000000000000e+01
	2.648445221509081e-03
	8.372128216730211e+00
	1.363858652834227e-02
	6.400000000000003e-01
	-8.313942288484814e-06
	-1.299053482575752e-05
	-1.640862309727749e-03
	1.299053482575752e-05
	1.627871783270063e-03
	1.627871783270063e-03
	-1.627871783269789e-03
65		6.500000000000004e-01
	-2.068363451390444e-02
	1.000000000000000e+01
	4.275844525406552e-03
	7.931636548609556e+00
	1.641826380973907e-02
	6.500000000000004e-01
	-1.047384391380941e-05
	-1.611360602124523e-05
	-2.084477049485802e-03
	1.611360602124523e-05
	2.068363451390276e-03
	2.068363451390276e-03
	-2.068363451390444e-03
66		6.600000000000004e-01
	-2.617745546008146e-02
	1.000000000000000e+01
	6.849240585947949e-03
	7.382254453991854e+00
	1.934145812412117e-02
	6.600000000000004e-01
	-1.324326975645358e-05
	-2.006556023705086e-05
	-2.637811098869964e-03
	2.006556023705086e-05
	2.617745546008354e-03
	2.617745546008354e-03
	-2.617745546008146e-03
67		6.700000000000004e-01
	-3.297975712156458e-02
	1.000000000000000e+01
	1.087184181336597e-02
	6.702024287843543e+00
	2.212471699648014e-02
	6.700000000000004e-01
	-1.680170472834975e-05
	-2.507717123634290e-05
	-3.323052876699624e-03
	2.507717123634290e-05
	3.297975712156287e-03
	3.297975712156287e-03
	-3.297975712156458e-03
68		6.800000000000004e-01
	-4.133467740147698e-02
	1.000000000000000e+01
	1.707884935937084e-02
	5.866532259852302e+00
	2.427721012779668e-02
	6.800000000000004e-01
	-2.138209846757445e-05
	-3.144426245231535e-05
	-4.164911996744483e-03
	3.144426245231535e-05
	4.133467740147445e-03
	4.133467740147445e-03
	-4.133467740147698e-03
69		6.900000000000004e-01
	-5.150792738075674e-02
	1.000000000000000e+01
	2.652154435601680e-02
	4.849207261924326e+00
	2.501366955690756e-02
	6.900000000000004e-01
	-2.728654109317082e-05
	-3.954571172923305e-05
	-5.190338444969409e-03
	3.954571172923305e-05
	5.150792738075616e-03
	5.150792738075616e-03
	-5.150792738075674e-03
70		7.000000000000004e-01
	-6.378296544630853e-02
	1.000000000000000e+01
	4.067057979632382e-02
	3.621703455369147e+00
	2.314729192560477e-02
	7.000000000000004e-01
	-3.490628080886490e-05
	-4.986611544123554e-05
	-6.428162656467400e-03
	4.986611544123554e-05
	6.378296544630846e-03
	6.378296544630846e-03
	-6.378296544630853e-03
71		7.100000000000004e-01
	-7.845693642109040e-02
	1.000000000000000e+01
	6.153928542899559e-02
	2.154306357890960e+00
	1.696239809594188e-02
	7.100000000000004e-01
	-4.474710587860894e-05
	-6.302409278677312e-05
	-7.908717732762371e-03
	6.302409278677312e-05
	7.845693642109075e-03
	7.845693642109075e-03
	-7.845693642109040e-03
72		7.200000000000004e-01
	-9.580953057367861e-02
	1.000000000000000e+01
	9.179465732458308e-02
	4.190469426321396e-01
	4.073265488363449e-03
	7.200000000000004e-01
	-5.839223941749631e-05
	-8.110033252430038e-05
	-9.662053389498574e-03
	8.110033252430038e-05
	9.580953057367836e-03
	9.580953057367836e-03
	-9.580953057367860e-03
73		7.300000000000004e-01
	-9.902632565189728e-02
	1.000000000000000e+01
	9.806213116700722e-02
	9.736743481027182e-02
	1.593689066043324e-03
	7.300000000000004e-01
	-6.294945811728485e-04
	-8.623213440723948e-04
	-1.076495390919108e-02
	8.623213440723948e-04
	9.902632565189730e-03
	9.902632565189730e-03
	-9.902632565189728e-03
74		7.400000000000004e-01
	-9.939013509911039e-02
	1.000000000000000e+01
	9.878398648264385e-02
	6.098649008896177e-02
	1.946246776864672e-03
	7.400000000000004e-01
	-1.340098160407337e-03
	-1.810943460009914e-03
	-1.174995696988640e-02
	1.810943460009914e-03
	9.939013509911037e-03
	9.939013509911037e-03
	-9.939013509911039e-03
75		7.500000000000004e-01
	-9.957899929419575e-02
	1.000000000000000e+01
	9.915977100332903e-02
	4.210007058042506e-02
	2.517322614091031e-03
	7.500000000000004e-01
	-2.098094323228405e-03
	-2.797459097637872e-03
	-1.275535902704185e-02
	2.797459097637872e-03
	9.957899929419577e-03
	9.957899929419577e-03
	-9.957899929419575e-03
76		7.600000000000005e-01
	-9.970156469281183e-02
	1.000000000000000e+01
	9.940402002191817e-02
	2.984353071881700e-02
	3.196715232965143e-03
	7.600000000000005e-01
	-2.899170562072347e-03
	-3.814698107989928e-03
	-1.378485457726780e-02
	3.814698107989928e-03
	9.970156469281184e-03
	9.970156469281184e-03
	-9.970156469281182e-03
77		7.700000000000005e-01
	-9.978912187976210e-02
	1.000000000000000e+01
	9.957868804453859e-02
	2.108781202379035e-02
	3.952152532744137e-03
	7.700000000000005e-01
	-3.741718697519234e-03
	-4.859374931843158e-03
	-1.483828711982471e-02
	4.859374931843158e-03
	9.978912187976210e-03
	9.978912187976210e-03
	-9.978912187976210e-03
78		7.800000000000005e-01
	-9.985513747154449e-02
	1.000000000000000e+01
	9.971048469918893e-02
	1.448625284555102e-02
	4.769424653759012e-03
	7.800000000000005e-01
	-4.624771881400247e-03
	-5.929194719743902e-03
	-1.591470846691041e-02
	5.929194719743902e-03
	9.985513747154449e-03
	9.985513747154449e-03
	-9.985513747154449e-03
79		7.900000000000005e-01
	-9.990683048448096e-02
	1.000000000000000e+01
	9.981374738157066e-02
	9.316951551904415e-03
	5.640732981852378e-03
	7.900000000000005e-01
	-5.547649878937496e-03
	-7.022341618908218e-03
	-1.701302466737356e-02
	7.022341618908218e-03
	9.990683048448096e-03
	9.990683048448096e-03
	-9.990683048448096e-03
80		8.000000000000005e-01
	-9.994822368684680e-02
	1.000000000000000e+01
	9.989647397522221e-02
	5.177631315320393e-03
	6.561537925662451e-03
	8.000000000000005e-01
	-6.509788214032146e-03
	-8.137235267540177e-03
	-1.813205763624619e-02
	8.137235267540177e-03
	9.994822368684679e-03
	9.994822368684679e-03
	-9.994822368684680e-03
81		8.100000000000005e-01
	-9.998202128602557e-02
	1.000000000000000e+01
	9.996404568725149e-02
	1.797871397443238e-03
	7.528700517650172e-03
	8.100000000000005e-01
	-7.510724918869414e-03
	-9.272499899838776e-03
	-1.927070202846605e-02
	9.272499899838776e-03
	9.998202128602557e-03
	9.998202128602557e-03
	-9.998202128602557e-03
82		8.200000000000005e-01
	-1.000099908840611e-01
	1.000000000000000e+01
	1.000199826959416e-01
	-9.990884061075039e-04
	8.540063638498623e-03
	8.200000000000005e-01
	-8.550055450371642e-03
	-1.042689689069712e-02
	-2.042789597913074e-02
	1.042689689069712e-02
	1.000099908840611e-02
	1.000099908840611e-02
	-1.000099908840611e-02
83		8.300000000000005e-01
	-1.000333775431785e-01
	1.000000000000000e+01
	1.000667661827735e-01
	-3.337754317853110e-03
	9.594033978080898e-03
	8.300000000000005e-01
	-9.627422617667622e-03
	-1.159930435863568e-02
	-2.160264211298346e-02
	1.159930435863568e-02
	1.000333775431785e-02
	1.000333775431785e-02
	-1.000333775431785e-02
84		8.400000000000005e-01
	-1.000530885439180e-01
	1.000000000000000e+01
	1.001062052429983e-01
	-5.308854391801038e-03
	1.068939094971389e-02
	8.400000000000005e-01
	-1.074250764878525e-02
	-1.278869958188719e-02
	-2.279400843631096e-02
	1.278869958188719e-02
	1.000530885439180e-02
	1.000530885439180e-02
	-1.000530885439180e-02
85		8.500000000000005e-01
	-1.000698035650564e-01
	1.000000000000000e+01
	1.001396558361869e-01
	-6.980356505641994e-03
	1.182517175826901e-02
	8.500000000000005e-01
	-1.189502402939003e-02
	-1.399414591692943e-02
	-2.400112627346864e-02
	1.399414591692943e-02
	1.000698035650564e-02
	1.000698035650564e-02
	-1.000698035650564e-02
86		8.600000000000005e-01
	-1.000840435479654e-01
	1.000000000000000e+01
	1.001681577158323e-01
	-8.404354796544368e-03
	1.300059877270103e-02
	8.600000000000005e-01
	-1.308471294055790e-02
	-1.521478248902081e-02
	-2.522318684385239e-02
	1.521478248902081e-02
	1.000840435479654e-02
	1.000840435479654e-02
	-1.000840435479654e-02
87		8.700000000000006e-01
	-1.000962154966071e-01
	1.000000000000000e+01
	1.001925235581017e-01
	-9.621549660710230e-03
	1.421503164146438e-02
	8.700000000000006e-01
	-1.431133970294858e-02
	-1.644981575051560e-02
	-2.645943730021253e-02
	1.644981575051560e-02
	1.000962154966071e-02
	1.000962154966071e-02
	-1.000962154966071e-02
88		8.800000000000006e-01
	-1.001066426218020e-01
	1.000000000000000e+01
	1.002133989634143e-01
	-1.066426218020065e-02
	1.546793455813075e-02
	8.800000000000006e-01
	-1.557469089973229e-02
	-1.769851238605941e-02
	-2.770917664827681e-02
	1.769851238605941e-02
	1.001066426218020e-02
	1.001066426218020e-02
	-1.001066426218020e-02
89		8.900000000000006e-01
	-1.001155852152601e-01
	1.000000000000000e+01
	1.002313040250843e-01
	-1.155852152600581e-02
	1.675885317546304e-02
	8.900000000000006e-01
	-1.687457198527613e-02
	-1.896019324188328e-02
	-2.897175176344752e-02
	1.896019324188328e-02
	1.001155852152600e-02
	1.001155852152600e-02
	-1.001155852152601e-02
90		9.000000000000006e-01
	-1.001232554662371e-01
	1.000000000000000e+01
	1.002466628479932e-01
	-1.232554662370593e-02
	1.808739787719812e-02
	9.000000000000006e-01
	-1.821080525894276e-02
	-2.023422806549194e-02
	-3.024655361215463e-02
	2.023422806549194e-02
	1.001232554662371e-02
	1.001232554662371e-02
	-1.001232554662371e-02
91		9.100000000000006e-01
	-1.001298282072252e-01
	1.000000000000000e+01
	1.002598249654114e-01
	-1.298282072252283e-02
	1.945323136595241e-02
	9.100000000000006e-01
	-1.958322812412681e-02
	-2.152003090563384e-02
	-3.153301372639584e-02
	2.152003090563384e-02
	1.001298282072252e-02
	1.001298282072252e-02
	-1.001298282072252e-02
92		9.200000000000006e-01
	-1.001354488555855e-01
	1.000000000000000e+01
	1.002710811730783e-01
	-1.354488555854594e-02
	2.085605925948199e-02
	9.200000000000006e-01
	-2.099169157696266e-02
	-2.281705606191592e-02
	-3.283060094751462e-02
	2.281705606191592e-02
	1.001354488555855e-02
	1.001354488555855e-02
	-1.001354488555855e-02
93		9.300000000000006e-01
	-1.001402393814839e-01
	1.000000000000000e+01
	1.002806754322712e-01
	-1.402393814838741e-02
	2.229562283340822e-02
	9.300000000000006e-01
	-2.243605888418311e-02
	-2.412479449912161e-02
	-3.413881843731071e-02
	2.412479449912161e-02
	1.001402393814839e-02
	1.001402393814839e-02
	-1.001402393814839e-02
94		9.400000000000006e-01
	-1.001443028596577e-01
	1.000000000000000e+01
	1.002888139512859e-01
	-1.443028596576756e-02
	2.377169332786458e-02
	9.400000000000006e-01
	-2.391620441948016e-02
	-2.544277065902142e-02
	-3.545720094502818e-02
	2.544277065902142e-02
	1.001443028596577e-02
	1.001443028596577e-02
	-1.001443028596577e-02
95		9.500000000000006e-01
	-1.001477269874680e-01
	1.000000000000000e+01
	1.002956722066477e-01
	-1.477269874680120e-02
	2.528406741522220e-02
	9.500000000000006e-01
	-2.543201263438890e-02
	-2.677053961514619e-02
	-3.678531231393450e-02
	2.677053961514619e-02
	1.001477269874680e-02
	1.001477269874680e-02
	-1.001477269874680e-02
96		9.600000000000006e-01
	-1.001505868366962e-01
	1.000000000000000e+01
	1.003014004366305e-01
	-1.505868366961866e-02
	2.683256354461404e-02
	9.600000000000006e-01
	-2.698337714453523e-02
	-2.810768452555751e-02
	-3.812274320926880e-02
	2.810768452555751e-02
	1.001505868366962e-02
	1.001505868366962e-02
	-1.001505868366962e-02
97		9.700000000000006e-01
	-1.001529470293844e-01
	1.000000000000000e+01
	1.003061279861441e-01
	-1.529470293843730e-02
	2.841701895875836e-02
	9.700000000000006e-01
	-2.857019991550474e-02
	-2.945381434588115e-02
	-3.946910904886166e-02
	2.945381434588115e-02
	1.001529470293844e-02
	1.001529470293844e-02
	-1.001529470293844e-02
98		9.800000000000006e-01
	-1.001548634752639e-01
	1.000000000000000e+01
	1.003099667770425e-01
	-1.548634752638657e-02
	3.003728723359681e-02
	9.800000000000006e-01
	-3.019239053536198e-02
	-3.080856177077751e-02
	-4.082404811834590e-02
	3.080856177077751e-02
	1.001548634752639e-02
	1.001548634752639e-02
	-1.001548634752639e-02
99		9.900000000000007e-01
	-1.001563847716089e-01
	1.000000000000000e+01
	1.003130141048320e-01
	-1.563847716089437e-02
	3.169323622962617e-02
	9.900000000000007e-01
	-3.184986556283548e-02
	-3.217158137660148e-02
	-4.218721985380465e-02
	3.217158137660148e-02
	1.001563847716089e-02
	1.001563847716089e-02
	-1.001563847716089e-02
100		1.000000000000001e+00
	-1.001575533404132e-01
	1.000000000000000e+01
	1.003153549110943e-01
	-1.575533404132074e-02
	3.338474637120611e-02
	1.000000000000001e+00
	-3.354254794187327e-02
	-3.354254794187325e-02
	-4.355830327595713e-02
	3.354254794187325e-02
	1.001575533404132e-02
	1.001575533404132e-02
	-1.001575533404132e-02
