Title: KiCad schematic
Date: Thu Apr 23 09:58:39  2026
Command: ngspice-46, Build Mar 29 2026   14:56:48
Plotname: DC transfer characteristic
Flags: real
No. Variables: 14
No. Points: 101     
Variables:
	0	v(v-sweep)	voltage
	1	v1:power	power
	2	v(/vdd)	voltage
	3	r1:power	power
	4	v(/vd)	voltage
	5	q1:power	power
	6	v(/vg)	voltage
	7	v2:power	power
	8	i(v2)	current
	9	i(q1:e)	current
	10	i(q1:b)	current
	11	i(q1:c)	current
	12	i(r1)	current
	13	i(v1)	current
Values:
0		0.000000000000000e+00
	-2.442005378076526e-09
	1.000000000000000e+00
	5.963390263513535e-15
	9.999975579946220e-01
	2.441666086466798e-09
	0.000000000000000e+00
	0.000000000000000e+00
	2.314418018535965e-09
	-1.265873772106920e-10
	-2.314418018535965e-09
	2.442005375691281e-09
	2.442005375691281e-09
	-2.442005378076526e-09
1		1.000000000000000e-02
	-2.479043819617749e-09
	1.000000000000000e+00
	6.145637510553252e-15
	9.999975209561803e-01
	2.458417745698319e-09
	1.000000000000000e-02
	2.028326792115342e-11
	2.028326792115343e-09
	-4.497170753941684e-10
	-2.028326792115343e-09
	2.479043803571557e-09
	2.479043803571557e-09
	-2.479043819617749e-09
2		2.000000000000000e-02
	-2.526927236033705e-09
	1.000000000000000e+00
	6.385326671210247e-15
	9.999974730727640e-01
	2.492445529467144e-09
	2.000000000000000e-02
	3.413535244398136e-11
	1.706767622199068e-09
	-8.191596206326610e-10
	-1.706767622199068e-09
	2.526927278534430e-09
	2.526927278534430e-09
	-2.526927236033705e-09
3		3.000000000000000e-02
	-2.588828994275552e-09
	1.000000000000000e+00
	6.701977673520735e-15
	9.999974111710057e-01
	2.548118830322428e-09
	3.000000000000000e-02
	4.036013330835364e-11
	1.345337776945121e-09
	-1.242491247071061e-09
	-1.345337776945121e-09
	2.588828984517733e-09
	2.588828984517733e-09
	-2.588828994275552e-09
4		4.000000000000000e-02
	-2.668851316811258e-09
	1.000000000000000e+00
	7.122670708402001e-15
	9.999973311486832e-01
	2.630934098359114e-09
	4.000000000000000e-02
	3.756345900995939e-11
	9.390864752489847e-10
	-1.728764839822137e-09
	-9.390864752489847e-10
	2.668851362130908e-09
	2.668851362130908e-09
	-2.668851316811258e-09
5		5.000000000000000e-02
	-2.772296485908585e-09
	1.000000000000000e+00
	7.685466254217115e-15
	9.999972277035142e-01
	2.747816512211495e-09
	5.000000000000000e-02
	2.412230996548526e-11
	4.824461993097051e-10
	-2.288850313438696e-09
	-4.824461993097051e-10
	2.772296503472660e-09
	2.772296503472660e-09
	-2.772296485908585e-09
6		6.000000000000000e-02
	-2.906018518921208e-09
	1.000000000000000e+00
	8.444673687881305e-15
	9.999970939814811e-01
	2.907507436367090e-09
	6.000000000000000e-02
	-1.850682315729379e-12
	-3.084470526215632e-11
	-2.935863225683257e-09
	3.084470526215632e-11
	2.906018536918964e-09
	2.906018536918964e-09
	-2.906018518921208e-09
7		7.000000000000001e-02
	-3.078876667722899e-09
	1.000000000000000e+00
	9.479030438487071e-15
	9.999969211233324e-01
	3.121058581800186e-09
	7.000000000000001e-02
	-4.254805287609576e-11
	-6.078293268013679e-10
	-3.685706036410949e-09
	6.078293268013679e-10
	3.078876653628271e-09
	3.078876653628271e-09
	-3.078876667722899e-09
8		8.000000000000000e-02
	-3.302322711075042e-09
	1.000000000000000e+00
	1.090458158069807e-14
	9.999966976772888e-01
	3.402466250704845e-09
	8.000000000000000e-02
	-1.005144541210701e-10
	-1.256430676513376e-09
	-4.557753388999795e-09
	1.256430676513376e-09
	3.302322693077286e-09
	3.302322693077286e-09
	-3.302322711075042e-09
9		9.000000000000000e-02
	-3.591158874395248e-09
	1.000000000000000e+00
	1.289516278920192e-14
	9.999964088411255e-01
	3.769483310960652e-09
	9.000000000000000e-02
	-1.787006594262952e-10
	-1.985562882514391e-09
	-5.575721776344261e-09
	1.985562882514391e-09
	3.591158870275279e-09
	3.591158870275279e-09
	-3.591158874395248e-09
10		9.999999999999999e-02
	-3.964518708546999e-09
	1.000000000000000e+00
	1.571530458672495e-14
	9.999960354812913e-01
	4.244662023944869e-09
	9.999999999999999e-02
	-2.805256797688837e-10
	-2.805256797688838e-09
	-6.768775542392583e-09
	2.805256797688838e-09
	3.964518713317489e-09
	3.964518713317489e-09
	-3.964518708546999e-09
11		1.100000000000000e-01
	-4.447134081993209e-09
	1.000000000000000e+00
	1.977348616610747e-14
	9.999955528659180e-01
	4.856692560002169e-09
	1.100000000000000e-01
	-4.099482198843818e-10
	-3.726801998948925e-09
	-8.172936122495169e-09
	3.726801998948925e-09
	4.447134105411976e-09
	4.447134105411976e-09
	-4.447134081993209e-09
12		1.200000000000000e-01
	-5.070973274536733e-09
	1.000000000000000e+00
	2.570889625957981e-14
	9.999949290267254e-01
	5.642123114863261e-09
	1.200000000000000e-01
	-5.715488932134249e-10
	-4.762907443445208e-09
	-9.832880722034083e-09
	4.762907443445208e-09
	5.070973252419009e-09
	5.070973252419009e-09
	-5.070973274536733e-09
13		1.300000000000000e-01
	-5.877358053799769e-09
	1.000000000000000e+00
	3.453352395046721e-14
	9.999941226419461e-01
	6.647571711650646e-09
	1.300000000000000e-01
	-7.706248486907817e-10
	-5.927883451467553e-09
	-1.180424153996254e-08
	5.927883451467553e-09
	5.877358044692471e-09
	5.877358044692471e-09
	-5.877358053799769e-09
14		1.400000000000000e-01
	-6.919700786976388e-09
	1.000000000000000e+00
	4.786586206707547e-14
	9.999930802992131e-01
	7.932571637356494e-09
	1.400000000000000e-01
	-1.013298715352162e-09
	-7.237847966801159e-09
	-1.415654879922708e-08
	7.237847966801159e-09
	6.919700756835567e-09
	6.919700756835567e-09
	-6.919700786976388e-09
15		1.500000000000000e-01
	-8.267041477815276e-09
	1.000000000000000e+00
	6.831657907871239e-14
	9.999917329585223e-01
	9.573233987993249e-09
	1.500000000000000e-01
	-1.306644124669798e-09
	-8.710960831131986e-09
	-1.697700236520762e-08
	8.710960831131986e-09
	8.267041495813032e-09
	8.267041495813032e-09
	-8.267041477815276e-09
16		1.600000000000000e-01
	-1.000862040619575e-08
	1.000000000000000e+00
	1.001267097997675e-13
	9.999899913795938e-01
	1.166696402831199e-08
	1.600000000000000e-01
	-1.658830387496479e-09
	-1.036768992185300e-08
	-2.037531035020656e-08
	1.036768992185300e-08
	1.000862043243345e-08
	1.000862043243345e-08
	-1.000862040619575e-08
17		1.700000000000000e-01
	-1.225978801008658e-08
	1.000000000000000e+00
	1.502259254648831e-13
	9.999877402119900e-01
	1.433853724141038e-08
	1.700000000000000e-01
	-2.079289429558762e-09
	-1.223111429152213e-08
	-2.448990234958313e-08
	1.223111429152213e-08
	1.225978801810967e-08
	1.225978801810967e-08
	-1.225978801008658e-08
18		1.800000000000000e-01
	-1.516964447069100e-08
	1.000000000000000e+00
	2.299903374308207e-13
	9.999848303555292e-01
	1.774792975498115e-08
	1.800000000000000e-01
	-2.578908581060691e-09
	-1.432726989478161e-08
	-2.949591439893427e-08
	1.432726989478161e-08
	1.516964448500246e-08
	1.516964448500246e-08
	-1.516964447069100e-08
19		1.900000000000000e-01
	-1.893091362251305e-08
	1.000000000000000e+00
	3.581660048670536e-13
	9.999810690863775e-01
	2.210041228622476e-08
	1.900000000000000e-01
	-3.170253476403318e-09
	-1.668554461264904e-08
	-3.561545828182720e-08
	1.668554461264904e-08
	1.893091361448995e-08
	1.893091361448995e-08
	-1.893091362251305e-08
20		2.000000000000000e-01
	-2.379270622947065e-08
	1.000000000000000e+00
	5.657361835170484e-13
	9.999762072937705e-01
	2.765956669363133e-08
	2.000000000000000e-01
	-3.867826159353883e-09
	-1.933913079676941e-08
	-4.313083707864060e-08
	1.933913079676941e-08
	2.379270624963681e-08
	2.379270624963681e-08
	-2.379270622947065e-08
21		2.100000000000000e-01
	-3.007701699806950e-08
	1.000000000000000e+00
	9.040310103959788e-13
	9.999699229830020e-01
	3.476407402696638e-08
	2.100000000000000e-01
	-4.688364377766764e-09
	-2.232554465603220e-08
	-5.240156168236609e-08
	2.232554465603220e-08
	3.007701698809484e-08
	3.007701698809484e-08
	-3.007701699806950e-08
22		2.200000000000001e-01
	-3.820004778687727e-08
	1.000000000000000e+00
	1.458247974237134e-12
	9.999617999522131e-01
	4.384937225575236e-08
	2.200000000000001e-01
	-5.651189350364129e-09
	-2.568722431983694e-08
	-6.388627214996489e-08
	2.568722431983694e-08
	3.820004779164776e-08
	3.820004779164776e-08
	-3.820004778687727e-08
23		2.300000000000001e-01
	-4.869976936820730e-08
	1.000000000000000e+00
	2.370004001464151e-12
	9.999513002306317e-01
	5.547560007452941e-08
	2.300000000000001e-01
	-6.778610645782892e-09
	-2.947222019905604e-08
	-7.817098966262361e-08
	2.947222019905604e-08
	4.869976938381981e-08
	4.869976938381981e-08
	-4.869976936820730e-08
24		2.400000000000001e-01
	-6.227154605896804e-08
	1.000000000000000e+00
	3.874966093325146e-12
	9.999377284539410e-01
	7.036365654991343e-08
	2.400000000000001e-01
	-8.096398714796397e-09
	-3.373499464498497e-08
	-9.600554079780422e-08
	3.373499464498497e-08
	6.227154608628993e-08
	6.227154608628993e-08
	-6.227154605896804e-08
25		2.500000000000001e-01
	-7.981418181164830e-08
	1.000000000000000e+00
	6.365660020414768e-12
	9.999201858181884e-01
	8.944173739151847e-08
	2.500000000000001e-01
	-9.634337832728492e-09
	-3.853735133091396e-08
	-1.183505332452815e-07
	3.853735133091396e-08
	7.981418181923772e-08
	7.981418181923772e-08
	-7.981418181164830e-08
26		2.600000000000001e-01
	-1.024894368366336e-07
	1.000000000000000e+00
	1.049632642526650e-11
	9.998975105631634e-01
	1.139053957072312e-07
	2.600000000000001e-01
	-1.142687509239626e-08
	-4.394951958613946e-08
	-1.464379565282689e-07
	4.394951958613946e-08
	1.024894368817364e-07
	1.024894368817364e-07
	-1.024894368366336e-07
27		2.700000000000001e-01
	-1.317989541916535e-07
	1.000000000000000e+00
	1.735800239352425e-11
	9.998682010458084e-01
	1.452950575088562e-07
	2.700000000000001e-01
	-1.351388454889913e-08
	-5.005142425518194e-08
	-1.818493785843817e-07
	5.005142425518194e-08
	1.317989541949061e-07
	1.317989541949061e-07
	-1.317989541916535e-07
28		2.800000000000001e-01
	-1.696836887071611e-07
	1.000000000000000e+00
	2.877089842457287e-11
	9.998303163112929e-01
	1.855960615665440e-07
	2.800000000000001e-01
	-1.594157027245968e-08
	-5.693417954449886e-08
	-2.266168684701627e-07
	5.693417954449886e-08
	1.696836887110642e-07
	1.696836887110642e-07
	-1.696836887071611e-07
29		2.900000000000001e-01
	-2.186524192553021e-07
	1.000000000000000e+00
	4.777269985114736e-11
	9.997813475807448e-01
	2.373677543760227e-07
	2.900000000000001e-01
	-1.876353766992745e-08
	-6.470185403423256e-08
	-2.833532735092112e-07
	6.470185403423256e-08
	2.186524192260286e-07
	2.186524192260286e-07
	-2.186524192553021e-07
30		3.000000000000001e-01
	-2.819478490268933e-07
	1.000000000000000e+00
	7.943414264055639e-11
	9.997180521509732e-01
	3.039100514256810e-07
	3.000000000000001e-01
	-2.204206961953226e-08
	-7.347356539844085e-08
	-3.554204147439223e-07
	7.347356539844085e-08
	2.819478490678762e-07
	2.819478490678762e-07
	-2.819478490268933e-07
31		3.100000000000001e-01
	-3.637612856809483e-07
	1.000000000000000e+00
	1.322212850584019e-10
	9.996362387143189e-01
	3.894782815611923e-07
	3.100000000000001e-01
	-2.584965351909442e-08
	-8.338597909385292e-08
	-4.471462651835321e-07
	8.338597909385292e-08
	3.637612857043671e-07
	3.637612857043671e-07
	-3.637612856809483e-07
32		3.200000000000001e-01
	-4.695101024387079e-07
	1.000000000000000e+00
	2.202710187520009e-10
	9.995304898975612e-01
	4.995602086843960e-07
	3.200000000000001e-01
	-3.027081692197343e-08
	-9.459630288116694e-08
	-5.641054057821425e-07
	9.459630288116694e-08
	4.695101024076997e-07
	4.695101024076997e-07
	-4.695101024387079e-07
33		3.300000000000001e-01
	-6.061963327278538e-07
	1.000000000000000e+00
	3.671921256957992e-10
	9.993938036672720e-01
	6.412330426103229e-07
	3.300000000000001e-01
	-3.540434484208822e-08
	-1.072858934608734e-07
	-7.134812268420318e-07
	1.072858934608734e-07
	6.061963327419484e-07
	6.061963327419484e-07
	-6.061963327278538e-07
34		3.400000000000001e-01
	-7.828701084346915e-07
	1.000000000000000e+00
	6.124147101499600e-10
	9.992171298915654e-01
	8.236232192912451e-07
	3.400000000000001e-01
	-4.136597162460178e-08
	-1.216646224252993e-07
	-9.045337316737937e-07
	1.216646224252993e-07
	7.828701084067191e-07
	7.828701084067191e-07
	-7.828701084346915e-07
35		3.500000000000001e-01
	-1.011228570225011e-06
	1.000000000000000e+00
	1.021796542642918e-09
	9.989887714297750e-01
	1.058497989854873e-06
	3.500000000000001e-01
	-4.829166537594078e-08
	-1.379761867884022e-07
	-1.149203758049316e-06
	1.379761867884022e-07
	1.011228570213518e-06
	1.011228570213518e-06
	-1.011228570225011e-06
36		3.600000000000002e-01
	-1.306389814383644e-06
	1.000000000000000e+00
	1.705340152634507e-09
	9.986936101856163e-01
	1.361025678063644e-06
	3.600000000000002e-01
	-5.634165609558208e-08
	-1.565046002655057e-07
	-1.462893415986436e-06
	1.565046002655057e-07
	1.306389814437203e-06
	1.306389814437203e-06
	-1.306389814383644e-06
37		3.700000000000002e-01
	-1.687892965699864e-06
	1.000000000000000e+00
	2.846787281945075e-09
	9.983121070343002e-01
	1.750751124237071e-06
	3.700000000000002e-01
	-6.570540112216252e-08
	-1.775821651950338e-07
	-1.865474132616015e-06
	1.775821651950338e-07
	1.687892965729354e-06
	1.687892965729354e-06
	-1.687892965699864e-06
38		3.800000000000002e-01
	-2.180990338080269e-06
	1.000000000000000e+00
	4.753051563362026e-09
	9.978190096619198e-01
	2.252844564967985e-06
	3.800000000000002e-01
	-7.660773672257819e-08
	-2.015993071646793e-07
	-2.382588647458697e-06
	2.015993071646793e-07
	2.180990338052080e-06
	2.180990338052080e-06
	-2.180990338080269e-06
39		3.900000000000002e-01
	-2.818316813826827e-06
	1.000000000000000e+00
	7.936783877632099e-09
	9.971816831861732e-01
	2.899696105501718e-06
	3.900000000000002e-01
	-8.931653661128918e-08
	-2.290167605417670e-07
	-3.047332577207736e-06
	2.290167605417670e-07
	2.818316813868460e-06
	2.818316813868460e-06
	-2.818316813826827e-06
40		4.000000000000002e-01
	-3.642046266564246e-06
	1.000000000000000e+00
	1.325426916165663e-08
	9.963579537334358e-01
	3.732943825269683e-06
	4.000000000000002e-01
	-1.041522916078730e-07
	-2.603807290196825e-07
	-3.902425999252851e-06
	2.603807290196825e-07
	3.642046266572052e-06
	3.642046266572052e-06
	-3.642046266564246e-06
41		4.100000000000002e-01
	-4.706676631456965e-06
	1.000000000000000e+00
	2.213571596137247e-08
	9.952933233685430e-01
	4.806040595641331e-06
	4.100000000000002e-01
	-1.215001463591992e-07
	-2.963418203882906e-07
	-5.003017456600265e-06
	2.963418203882906e-07
	4.706676631438533e-06
	4.706676631438533e-06
	-4.706676631456965e-06
42		4.200000000000002e-01
	-6.082626068188747e-06
	1.000000000000000e+00
	3.696980096902555e-08
	9.939173739318112e-01
	6.187480886446928e-06
	4.200000000000002e-01
	-1.418250876322747e-07
	-3.376787800768444e-07
	-6.420303854390235e-06
	3.376787800768444e-07
	6.082626068215635e-06
	6.082626068215635e-06
	-6.082626068188747e-06
43		4.300000000000002e-01
	-7.860875064090141e-06
	1.000000000000000e+00
	6.174570170317314e-08
	9.921391249359098e-01
	7.964820078010317e-06
	4.300000000000002e-01
	-1.656911859133915e-07
	-3.853283393334683e-07
	-8.246202411333471e-06
	3.853283393334683e-07
	7.860875064102935e-06
	7.860875064102935e-06
	-7.860875064090141e-06
44		4.400000000000002e-01
	-1.015895641367755e-05
	1.000000000000000e+00
	1.031248315192302e-07
	9.898410435863225e-01
	1.024961717224982e-05
	4.400000000000002e-01
	-1.937860618383970e-07
	-4.404228678145383e-07
	-1.059937829166971e-05
	4.404228678145383e-07
	1.015895641370834e-05
	1.015895641370834e-05
	-1.015895641367755e-05
45		4.500000000000002e-01
	-1.312868065075326e-05
	1.000000000000000e+00
	1.722294428600405e-07
	9.868713193492468e-01
	1.318340283701326e-05
	4.500000000000002e-01
	-2.269521017492228e-07
	-5.043380038871614e-07
	-1.363301766781611e-05
	5.043380038871614e-07
	1.312868065078687e-05
	1.312868065078687e-05
	-1.312868065075326e-05
46		4.600000000000002e-01
	-1.696609342465624e-05
	1.000000000000000e+00
	2.876266817214452e-07
	9.830339065753437e-01
	1.694469267762296e-05
	4.600000000000002e-01
	-2.662264075062316e-07
	-5.787530597961554e-07
	-1.754484550147733e-05
	5.787530597961554e-07
	1.696609342466404e-05
	1.696609342466404e-05
	-1.696609342465624e-05
47		4.700000000000003e-01
	-2.192429913298443e-05
	1.000000000000000e+00
	4.803051187949442e-07
	9.780757008670157e-01
	2.175688560926518e-05
	4.700000000000003e-01
	-3.128920671403858e-07
	-6.657278024263524e-07
	-2.259002595740794e-05
	6.657278024263524e-07
	2.192429913300264e-05
	2.192429913300264e-05
	-2.192429913298443e-05
48		4.800000000000003e-01
	-2.832995837454640e-05
	1.000000000000000e+00
	8.019698923590341e-07
	9.716700416254536e-01
	2.789653213196664e-05
	4.800000000000003e-01
	-3.685441199219321e-07
	-7.678002498373582e-07
	-2.909775765280007e-05
	7.678002498373582e-07
	2.832995837454000e-05
	2.832995837454000e-05
	-2.832995837454640e-05
49		4.900000000000003e-01
	-3.660448264419542e-05
	1.000000000000000e+00
	1.338860341210715e-06
	9.633955173558045e-01
	3.570079645311127e-05
	4.900000000000003e-01
	-4.351746168340667e-07
	-8.881114629266662e-07
	-3.749259314382990e-05
	8.881114629266662e-07
	3.660448264414251e-05
	3.660448264414251e-05
	-3.660448264419542e-05
50		5.000000000000002e-01
	-4.729121540849375e-05
	1.000000000000000e+00
	2.234747098999072e-06
	9.527087845915062e-01
	4.557175036990121e-05
	5.000000000000002e-01
	-5.152825216583892e-07
	-1.030565043316778e-06
	-4.832177949923856e-05
	1.030565043316778e-06
	4.729121540852921e-05
	4.729121540852921e-05
	-4.729121540849375e-05
51		5.100000000000002e-01
	-6.109021038499293e-05
	1.000000000000000e+00
	3.729164788398480e-06
	9.389097896150070e-01
	5.797306109724312e-05
	5.100000000000002e-01
	-6.120159540240480e-07
	-1.200031282400094e-06
	-6.229024072868716e-05
	1.200031282400094e-06
	6.109021038497309e-05
	6.109021038497309e-05
	-6.109021038499293e-05
52		5.200000000000002e-01
	-7.890259818711762e-05
	1.000000000000000e+00
	6.220884005436213e-06
	9.210974018128824e-01
	7.341107031283922e-05
	5.200000000000002e-01
	-7.293565735216893e-07
	-1.402608795234017e-06
	-8.030520606147361e-05
	1.402608795234017e-06
	7.890259818710277e-05
	7.890259818710277e-05
	-7.890259818711762e-05
53		5.300000000000002e-01
	-1.018869668199700e-04
	1.000000000000000e+00
	1.037309255195734e-05
	8.981130331800300e-01
	9.238623275364301e-05
	5.300000000000002e-01
	-8.723589130155145e-07
	-1.645960213236819e-06
	-1.035329261354213e-04
	1.645960213236819e-06
	1.018869668199529e-04
	1.018869668199529e-04
	-1.018869668199700e-04
54		5.400000000000003e-01
	-1.315306512648288e-04
	1.000000000000000e+00
	1.728728675277699e-05
	8.684693487351712e-01
	1.152908255366796e-04
	5.400000000000003e-01
	-1.047461432185926e-06
	-1.939743392936899e-06
	-1.334703937896321e-04
	1.939743392936899e-06
	1.315306512648662e-04
	1.315306512648662e-04
	-1.315306512648288e-04
55		5.500000000000003e-01
	-1.697392898033768e-04
	1.000000000000000e+00
	2.878989582597578e-05
	8.302607101966232e-01
	1.422122850049044e-04
	5.500000000000003e-01
	-1.262891409280904e-06
	-2.296166198692551e-06
	-1.720354551722859e-04
	2.296166198692551e-06
	1.697392898033501e-04
	1.697392898033501e-04
	-1.697392898033768e-04
56		5.600000000000003e-01
	-2.189483762711934e-04
	1.000000000000000e+00
	4.790290922344396e-05
	7.810516237288065e-01
	1.725746607251045e-04
	5.600000000000003e-01
	-1.529194026229642e-06
	-2.730703618267216e-06
	-2.216790791090000e-04
	2.730703618267216e-06
	2.189483762711775e-04
	2.189483762711775e-04
	-2.189483762711934e-04
57		5.700000000000003e-01
	-2.822606508623070e-04
	1.000000000000000e+00
	7.961282548391254e-05
	7.177393491376930e-01
	2.045077678515851e-04
	5.700000000000003e-01
	-1.859942780945285e-06
	-3.263057510430323e-06
	-2.855237076557474e-04
	3.263057510430323e-06
	2.822606508622871e-04
	2.822606508622871e-04
	-2.822606508623070e-04
58		5.800000000000003e-01
	-3.636125938619151e-04
	1.000000000000000e+00
	1.321189633694576e-04
	6.363874061380850e-01
	2.337664789496489e-04
	5.800000000000003e-01
	-2.272848714802712e-06
	-3.918704680694329e-06
	-3.675312979072052e-04
	3.918704680694329e-06
	3.636125938618895e-04
	3.636125938618895e-04
	-3.636125938619151e-04
59		5.900000000000003e-01
	-4.679686149681216e-04
	1.000000000000000e+00
	2.188402340907590e-04
	5.320313850318784e-01
	2.519218361074201e-04
	5.900000000000003e-01
	-2.793455428529020e-06
	-4.734670217845793e-06
	-4.727032846552054e-04
	4.734670217845793e-06
	4.679686149680895e-04
	4.679686149680895e-04
	-4.679686149681216e-04
60		6.000000000000003e-01
	-6.014570402329265e-04
	1.000000000000000e+00
	3.615047000043824e-04
	3.985429597670736e-01
	2.434609320832192e-04
	6.000000000000003e-01
	-3.508591986703393e-06
	-5.847653311172318e-06
	-6.073046931471871e-04
	5.847653311172318e-06
	6.014570402329278e-04
	6.014570402329278e-04
	-6.014570402329265e-04
61		6.100000000000003e-01
	-7.680145042963718e-04
	1.000000000000000e+00
	5.898462529199762e-04
	2.319854957036281e-01
	1.847112461867038e-04
	6.100000000000003e-01
	-6.542994874844530e-06
	-1.072622110630250e-05
	-7.787407251727211e-04
	1.072622110630250e-05
	7.680145042963799e-04
	7.680145042963799e-04
	-7.680145042963718e-04
62		6.200000000000003e-01
	-9.088950622248710e-04
	1.000000000000000e+00
	8.260897987988196e-04
	9.110493777512901e-02
	1.317239159698146e-04
	6.200000000000003e-01
	-4.891865256478864e-05
	-7.890105252385260e-05
	-9.877961146600215e-04
	7.890105252385260e-05
	9.088950622248709e-04
	9.088950622248709e-04
	-9.088950622248710e-04
63		6.300000000000003e-01
	-9.657794489168178e-04
	1.000000000000000e+00
	9.327283240124499e-04
	3.422055108318219e-02
	1.994669570717994e-04
	6.300000000000003e-01
	-1.664158321744375e-04
	-2.641521145625991e-04
	-1.229931563447767e-03
	2.641521145625991e-04
	9.657794489168203e-04
	9.657794489168203e-04
	-9.657794489168178e-04
64		6.400000000000003e-01
	-9.928501876884379e-04
	1.000000000000000e+00
	9.857514946139171e-04
	7.149812311562075e-03
	3.401476220413430e-04
	6.400000000000003e-01
	-3.330489289677986e-04
	-5.203889515121851e-04
	-1.513239139196096e-03
	5.203889515121851e-04
	9.928501876884379e-04
	9.928501876884379e-04
	-9.928501876884379e-04
65		6.500000000000004e-01
	-1.009195261454104e-03
	1.000000000000000e+00
	1.018475075514240e-03
	-9.195261454104100e-03
	5.327661454802515e-04
	6.500000000000004e-01
	-5.420459595378460e-04
	-8.339168608274550e-04
	-1.843112122293458e-03
	8.339168608274550e-04
	1.009195261454103e-03
	1.009195261454103e-03
	-1.009195261454104e-03
66		6.600000000000004e-01
	-1.020314544669434e-03
	1.000000000000000e+00
	1.041040239576434e-03
	-2.031454466943441e-02
	7.729686734082687e-04
	6.600000000000004e-01
	-7.936943683103605e-04
	-1.202567224712667e-03
	-2.222881769405116e-03
	1.202567224712667e-03
	1.020314544669433e-03
	1.020314544669433e-03
	-1.020314544669434e-03
67		6.700000000000004e-01
	-1.028361654108102e-03
	1.000000000000000e+00
	1.057527685669093e-03
	-2.836165410810178e-02
	1.060413871913060e-03
	6.700000000000004e-01
	-1.089579903467400e-03
	-1.626238661891641e-03
	-2.654600316030842e-03
	1.626238661891641e-03
	1.028361654108101e-03
	1.028361654108101e-03
	-1.028361654108102e-03
68		6.800000000000004e-01
	-1.034463004896355e-03
	1.000000000000000e+00
	1.070113336712818e-03
	-3.446300489635456e-02
	1.395599961467388e-03
	6.800000000000004e-01
	-1.431250293275854e-03
	-2.104779843052726e-03
	-3.139242847986247e-03
	2.104779843052726e-03
	1.034463004896354e-03
	1.034463004896354e-03
	-1.034463004896355e-03
69		6.900000000000004e-01
	-1.039202125121493e-03
	1.000000000000000e+00
	1.079940699640789e-03
	-3.920212512149326e-02
	1.779180705211234e-03
	6.900000000000004e-01
	-1.819919279721427e-03
	-2.637564173509313e-03
	-3.676766298672764e-03
	2.637564173509313e-03
	1.039202125121494e-03
	1.039202125121494e-03
	-1.039202125121493e-03
70		7.000000000000004e-01
	-1.042947688845765e-03
	1.000000000000000e+00
	1.087739686416508e-03
	-4.294768884576520e-02
	2.211581337437197e-03
	7.000000000000004e-01
	-2.256373334997930e-03
	-3.223390478568469e-03
	-4.266338167459940e-03
	3.223390478568469e-03
	1.042947688845764e-03
	1.042947688845764e-03
	-1.042947688845765e-03
71		7.100000000000004e-01
	-1.045946968515932e-03
	1.000000000000000e+00
	1.094004946796169e-03
	-4.594696851593161e-02
	2.692882526622939e-03
	7.100000000000004e-01
	-2.740940504892393e-03
	-3.860479584355481e-03
	-4.906426552920126e-03
	3.860479584355481e-03
	1.045946968515933e-03
	1.045946968515933e-03
	-1.045946968515932e-03
72		7.200000000000004e-01
	-1.048367008023728e-03
	1.000000000000000e+00
	1.099073313473961e-03
	-4.836700802372796e-02
	3.222892741941424e-03
	7.200000000000004e-01
	-3.273599047380202e-03
	-4.546665343583611e-03
	-5.595032351658508e-03
	4.546665343583611e-03
	1.048367008023729e-03
	1.048367008023729e-03
	-1.048367008023728e-03
73		7.300000000000004e-01
	-1.050327964211628e-03
	1.000000000000000e+00
	1.103188787782125e-03
	-5.032796421162845e-02
	3.801186573857993e-03
	7.300000000000004e-01
	-3.854047397416461e-03
	-5.279516982762272e-03
	-6.329844947026987e-03
	5.279516982762272e-03
	1.050327964211627e-03
	1.050327964211627e-03
	-1.050327964211628e-03
74		7.400000000000004e-01
	-1.051919036521014e-03
	1.000000000000000e+00
	1.106533630105041e-03
	-5.191903652101395e-02
	4.427169170279327e-03
	7.400000000000004e-01
	-4.481783763850811e-03
	-6.056464545744336e-03
	-7.108383582320046e-03
	6.056464545744336e-03
	1.051919036521014e-03
	1.051919036521014e-03
	-1.051919036521014e-03
75		7.500000000000004e-01
	-1.053208162455473e-03
	1.000000000000000e+00
	1.109247413771318e-03
	-5.320816245547337e-02
	5.100135966278845e-03
	7.500000000000004e-01
	-5.156175217581677e-03
	-6.874900290108898e-03
	-7.928108452620404e-03
	6.874900290108898e-03
	1.053208162455473e-03
	1.053208162455473e-03
	-1.053208162455473e-03
76		7.600000000000005e-01
	-1.054248177761784e-03
	1.000000000000000e+00
	1.111439206815437e-03
	-5.424817776178438e-02
	5.819322210595183e-03
	7.600000000000005e-01
	-5.876513239635419e-03
	-7.732254262678179e-03
	-8.786502440496995e-03
	7.732254262678179e-03
	1.054248177761785e-03
	1.054248177761785e-03
	-1.054248177761784e-03
77		7.700000000000005e-01
	-1.055080883604856e-03
	1.000000000000000e+00
	1.113195661545358e-03
	-5.508088360485613e-02
	6.583941032221420e-03
	7.700000000000005e-01
	-6.642055810148136e-03
	-8.626046506685886e-03
	-9.681127390348586e-03
	8.626046506685886e-03
	1.055080883604859e-03
	1.055080883604859e-03
	-1.055080883604856e-03
78		7.800000000000005e-01
	-1.055739823417757e-03
	1.000000000000000e+00
	1.114586568111736e-03
	-5.573982341775711e-02
	7.393210939093215e-03
	7.800000000000005e-01
	-7.452057683773065e-03
	-9.553920107401359e-03
	-1.060965993087764e-02
	9.553920107401359e-03
	1.055739823417758e-03
	1.055739823417758e-03
	-1.055739823417757e-03
79		7.900000000000005e-01
	-1.056252235133860e-03
	1.000000000000000e+00
	1.115668779485411e-03
	-5.625223513386039e-02
	8.246374517770515e-03
	7.900000000000005e-01
	-8.305791062107616e-03
	-1.051365957228811e-02
	-1.156991180748106e-02
	1.051365957228811e-02
	1.056252235133861e-03
	1.056252235133861e-03
	-1.056252235133860e-03
80		8.000000000000005e-01
	-1.056640459144908e-03
	1.000000000000000e+00
	1.116489056485007e-03
	-5.664045914490765e-02
	9.142710274633120e-03
	8.000000000000005e-01
	-9.202558871958495e-03
	-1.150319858994811e-02
	-1.255983904915245e-02
	1.150319858994811e-02
	1.056640459144907e-03
	1.056640459144907e-03
	-1.056640459144908e-03
81		8.100000000000005e-01
	-1.056922976457263e-03
	1.000000000000000e+00
	1.117086175679676e-03
	-5.692297645726319e-02
	1.008153938678536e-02
	8.100000000000005e-01
	-1.014170258599276e-02
	-1.252062047653427e-02
	-1.357754345305131e-02
	1.252062047653427e-02
	1.056922976457264e-03
	1.056922976457264e-03
	-1.056922976457263e-03
82		8.200000000000005e-01
	-1.057115188982861e-03
	1.000000000000000e+00
	1.117492520960275e-03
	-5.711518898286087e-02
	1.106222882700049e-02
	8.200000000000005e-01
	-1.112260615896266e-02
	-1.356415385239348e-02
	-1.462126904143626e-02
	1.356415385239348e-02
	1.057115188982861e-03
	1.057115188982861e-03
	-1.057115188982861e-03
83		8.300000000000005e-01
	-1.057230015812736e-03
	1.000000000000000e+00
	1.117735304996528e-03
	-5.723001581273617e-02
	1.208419200495654e-02
	8.300000000000005e-01
	-1.214469729412489e-02
	-1.463216541460829e-02
	-1.568939543048095e-02
	1.463216541460829e-02
	1.057230015812736e-03
	1.057230015812736e-03
	-1.057230015812736e-03
84		8.400000000000005e-01
	-1.057278355454365e-03
	1.000000000000000e+00
	1.117837519921125e-03
	-5.727835545436487e-02
	1.314688777894201e-02
	8.400000000000005e-01
	-1.320744694339311e-02
	-1.572315112308703e-02
	-1.678042947860139e-02
	1.572315112308703e-02
	1.057278355454366e-03
	1.057278355454366e-03
	-1.057278355454365e-03
85		8.500000000000005e-01
	-1.057269448657975e-03
	1.000000000000000e+00
	1.117818686328526e-03
	-5.726944865797468e-02
	1.424981845615137e-02
	8.500000000000005e-01
	-1.431036769380605e-02
	-1.683572669859534e-02
	-1.789299614731337e-02
	1.683572669859534e-02
	1.057269448657975e-03
	1.057269448657975e-03
	-1.057269448657975e-03
86		8.600000000000005e-01
	-1.057211166330087e-03
	1.000000000000000e+00
	1.117695449662946e-03
	-5.721116633008685e-02
	1.539252721647794e-02
	8.600000000000005e-01
	-1.545301149979472e-02
	-1.796861802301711e-02
	-1.902582918940729e-02
	1.796861802301711e-02
	1.057211166330087e-03
	1.057211166330087e-03
	-1.057211166330087e-03
87		8.700000000000006e-01
	-1.057110240199475e-03
	1.000000000000000e+00
	1.117482059522772e-03
	-5.711024019947519e-02
	1.657459525769063e-02
	8.700000000000006e-01
	-1.663496707699768e-02
	-1.912065181264100e-02
	-2.017776205290040e-02
	1.912065181264100e-02
	1.057110240199475e-03
	1.057110240199475e-03
	-1.057110240199475e-03
88		8.800000000000006e-01
	-1.056972449191787e-03
	1.000000000000000e+00
	1.117190758041415e-03
	-5.697244919178715e-02
	1.779563886021727e-02
	8.800000000000006e-01
	-1.785585716905049e-02
	-2.029074678301190e-02
	-2.134771923226349e-02
	2.029074678301190e-02
	1.056972449191788e-03
	1.056972449191788e-03
	-1.056972449191787e-03
89		8.900000000000006e-01
	-1.056818015469487e-03
	1.000000000000000e+00
	1.116864293971090e-03
	-5.681801546948642e-02
	1.903542604887753e-02
	8.900000000000006e-01
	-1.909547232736258e-02
	-2.146882370401415e-02
	-2.252564171954323e-02
	2.146882370401415e-02
	1.056818015469488e-03
	1.056818015469488e-03
	-1.056818015469487e-03
90		9.000000000000006e-01
	-1.056617334214149e-03
	1.000000000000000e+00
	1.116440150688850e-03
	-5.661733421414925e-02
	2.033363300271036e-02
	9.000000000000006e-01
	-2.039345581916835e-02
	-2.267277256418898e-02
	-2.372938989846257e-02
	2.267277256418898e-02
	1.056617334214152e-03
	1.056617334214152e-03
	-1.056617334214149e-03
91		9.100000000000006e-01
	-1.056394748686509e-03
	1.000000000000000e+00
	1.115969815508116e-03
	-5.639474868650864e-02
	2.166967172943647e-02
	9.100000000000006e-01
	-2.172924679624121e-02
	-2.389168785622145e-02
	-2.494808260496724e-02
	2.389168785622145e-02
	1.056394748686511e-03
	1.056394748686511e-03
	-1.056394748686509e-03
92		9.200000000000006e-01
	-1.056151635152707e-03
	1.000000000000000e+00
	1.115456217331548e-03
	-5.615163515270692e-02
	2.304343771190637e-02
	9.200000000000006e-01
	-2.310274229406823e-02
	-2.512508287418241e-02
	-2.618123450939410e-02
	2.512508287418241e-02
	1.056151635152710e-03
	1.056151635152710e-03
	-1.056151635152707e-03
93		9.300000000000006e-01
	-1.055890901765664e-03
	1.000000000000000e+00
	1.114905528449608e-03
	-5.589090176566359e-02
	2.445467794218954e-02
	9.300000000000006e-01
	-2.451369256885641e-02
	-2.637221928273323e-02
	-2.742811018455749e-02
	2.637221928273323e-02
	1.055890901765666e-03
	1.055890901765666e-03
	-1.055890901765664e-03
94		9.400000000000006e-01
	-1.055614978841455e-03
	1.000000000000000e+00
	1.114322907420986e-03
	-5.561497884145522e-02
	2.590316509922477e-02
	9.400000000000006e-01
	-2.596187302778705e-02
	-2.763242025264484e-02
	-2.868803523154483e-02
	2.763242025264484e-02
	1.055614978841456e-03
	1.055614978841456e-03
	-1.055614978841455e-03
95		9.500000000000006e-01
	-1.055325998526907e-03
	1.000000000000000e+00
	1.113712879657193e-03
	-5.532599852690686e-02
	2.738868998274969e-02
	9.500000000000006e-01
	-2.744707686386264e-02
	-2.890505602269805e-02
	-2.996038202128311e-02
	2.890505602269805e-02
	1.055325998526910e-03
	1.055325998526910e-03
	-1.055325998526907e-03
96		9.600000000000006e-01
	-1.055025829115921e-03
	1.000000000000000e+00
	1.113079410000062e-03
	-5.502582911592140e-02
	2.891106004659724e-02
	9.600000000000006e-01
	-2.896911362746395e-02
	-3.018954007077573e-02
	-3.124456589994945e-02
	3.018954007077573e-02
	1.055025829115923e-03
	1.055025829115923e-03
	-1.055025829115921e-03
97		9.700000000000006e-01
	-1.054716110700312e-03
	1.000000000000000e+00
	1.112425978245297e-03
	-5.471611070031234e-02
	3.047009790158106e-02
	9.700000000000006e-01
	-3.052780776910851e-02
	-3.148532538375076e-02
	-3.254004149450859e-02
	3.148532538375076e-02
	1.054716110700314e-03
	1.054716110700314e-03
	-1.054716110700312e-03
98		9.800000000000006e-01
	-1.054398285188796e-03
	1.000000000000000e+00
	1.111755642796018e-03
	-5.439828518879554e-02
	3.206563997101632e-02
	9.800000000000006e-01
	-3.212299732860588e-02
	-3.279190110800861e-02
	-3.384629939325463e-02
	3.279190110800861e-02
	1.054398285188798e-03
	1.054398285188798e-03
	-1.054398285188796e-03
99		9.900000000000007e-01
	-1.054073621967816e-03
	1.000000000000000e+00
	1.111071095122144e-03
	-5.407362196781645e-02
	3.369753527844551e-02
	9.900000000000007e-01
	-3.375453275158212e-02
	-3.410878953112451e-02
	-3.516286315314911e-02
	3.410878953112451e-02
	1.054073621967817e-03
	1.054073621967817e-03
	-1.054073621967816e-03
100		1.000000000000001e+00
	-1.053743239890595e-03
	1.000000000000000e+00
	1.110374706462812e-03
	-5.374323989059505e-02
	3.536564435481508e-02
	1.000000000000001e+00
	-3.542227582136948e-02
	-3.543554335965476e-02
	-3.648928659960181e-02
	3.543554335965476e-02
	1.053743239890596e-03
	1.053743239890596e-03
	-1.053743239890595e-03
